Using pre-set license
Built from '2020.2/staging' branch; Version is '2020.2.3f1 (8ff31bc5bf5b) revision 9433883'; Using compiler version '192528614'; Build Type 'Release'
OS: 'Windows 10 Home; OS build 18363.1316; Version 1909; 64bit' Language: 'es' Physical Memory: 8060 MB
BatchMode: 1, IsHumanControllingUs: 0, StartBugReporterOnCrash: 0, Is64bit: 1, IsPro: 0

 COMMAND LINE ARGUMENTS:
C:\Program Files\Unity\Hub\Editor\2020.2.3f1\Editor\Unity.exe
-adb2
-batchMode
-noUpm
-name
AssetImportWorker0
-projectPath
C:/Users/ausia/Documents/GitHub/PhobiaGame/GameJamPhobia/PhobiaGame
-logFile
Logs/AssetImportWorker0.log
-srvPort
59086
Successfully changed project path to: C:/Users/ausia/Documents/GitHub/PhobiaGame/GameJamPhobia/PhobiaGame
C:/Users/ausia/Documents/GitHub/PhobiaGame/GameJamPhobia/PhobiaGame
Using Asset Import Pipeline V2.
Refreshing native plugins compatible for Editor in 89.30 ms, found 0 plugins.
Preloading 0 native plugins for Editor in 0.00 ms.
Initialize engine version: 2020.2.3f1 (8ff31bc5bf5b)
[Subsystems] Discovering subsystems at path C:/Program Files/Unity/Hub/Editor/2020.2.3f1/Editor/Data/Resources/UnitySubsystems
[Subsystems] Discovering subsystems at path C:/Users/ausia/Documents/GitHub/PhobiaGame/GameJamPhobia/PhobiaGame/Assets
GfxDevice: creating device client; threaded=0
Direct3D:
    Version:  Direct3D 11.0 [level 11.0]
    Renderer: NVIDIA GeForce 940MX (ID=0x179c)
    Vendor:   
    VRAM:     2010 MB
    Driver:   25.21.14.2531
Initialize mono
Mono path[0] = 'C:/Program Files/Unity/Hub/Editor/2020.2.3f1/Editor/Data/Managed'
Mono path[1] = 'C:/Program Files/Unity/Hub/Editor/2020.2.3f1/Editor/Data/MonoBleedingEdge/lib/mono/unityjit'
Mono config path = 'C:/Program Files/Unity/Hub/Editor/2020.2.3f1/Editor/Data/MonoBleedingEdge/etc'
Using monoOptions --debugger-agent=transport=dt_socket,embedding=1,server=y,suspend=n,address=127.0.0.1:56232
Begin MonoManager ReloadAssembly
Registering precompiled unity dll's ...
Register platform support module: C:/Program Files/Unity/Hub/Editor/2020.2.3f1/Editor/Data/PlaybackEngines/WebGLSupport/UnityEditor.WebGL.Extensions.dll
Register platform support module: C:/Program Files/Unity/Hub/Editor/2020.2.3f1/Editor/Data/PlaybackEngines/WindowsStandaloneSupport/UnityEditor.WindowsStandalone.Extensions.dll
Registered in 0.004294 seconds.
Native extension for WindowsStandalone target not found
Native extension for WebGL target not found
Refreshing native plugins compatible for Editor in 87.48 ms, found 0 plugins.
Preloading 0 native plugins for Editor in 0.00 ms.
Invoked RoslynAnalysisRunner static constructor.
RoslynAnalysisRunner will not be running.
RoslynAnalysisRunner has terminated.
Mono: successfully reloaded assembly
- Completed reload, in  4.903 seconds
Platform modules already initialized, skipping
Registering precompiled user dll's ...
Registered in 0.001498 seconds.
Begin MonoManager ReloadAssembly
Native extension for WindowsStandalone target not found
Native extension for WebGL target not found
Refreshing native plugins compatible for Editor in 0.45 ms, found 0 plugins.
Preloading 0 native plugins for Editor in 0.00 ms.
Invoked RoslynAnalysisRunner static constructor.
RoslynAnalysisRunner will not be running.
RoslynAnalysisRunner has terminated.
Mono: successfully reloaded assembly
- Completed reload, in  4.037 seconds
Platform modules already initialized, skipping
========================================================================
Worker process is ready to serve import requests
Launched and connected shader compiler UnityShaderCompiler.exe after 0.60 seconds
Refreshing native plugins compatible for Editor in 0.96 ms, found 0 plugins.
Preloading 0 native plugins for Editor in 0.00 ms.
Unloading 1253 Unused Serialized files (Serialized files now loaded: 0)
System memory in use before: 62.1 MB.
System memory in use after: 62.2 MB.

Unloading 11 unused Assets to reduce memory usage. Loaded Objects now: 1697.
Total: 2.868700 ms (FindLiveObjects: 0.231400 ms CreateObjectMapping: 0.091100 ms MarkObjects: 2.421200 ms  DeleteObjects: 0.123400 ms)

========================================================================
Received Import Request.
  path: Assets/Prime.mat
  artifactKey: Guid(7078fec32359b51449fc201246983004) Importer(815301076,1909f56bfc062723c751e8b465ee728b)
Start importing Assets/Prime.mat using Guid(7078fec32359b51449fc201246983004) Importer(815301076,1909f56bfc062723c751e8b465ee728b)  -> (artifact id: 'ef05e4bb439128ec3fda3affc01ea00a') in 1.710862 seconds
  Import took 1.713610 seconds .

========================================================================
Received Prepare
Registering precompiled user dll's ...
Registered in 0.002676 seconds.
Begin MonoManager ReloadAssembly
Native extension for WindowsStandalone target not found
Native extension for WebGL target not found
Refreshing native plugins compatible for Editor in 0.24 ms, found 0 plugins.
Preloading 0 native plugins for Editor in 0.00 ms.
Invoked RoslynAnalysisRunner static constructor.
RoslynAnalysisRunner will not be running.
RoslynAnalysisRunner has terminated.
Mono: successfully reloaded assembly
- Completed reload, in  1.462 seconds
Platform modules already initialized, skipping
Refreshing native plugins compatible for Editor in 0.29 ms, found 0 plugins.
Preloading 0 native plugins for Editor in 0.00 ms.
Unloading 1248 Unused Serialized files (Serialized files now loaded: 0)
System memory in use before: 65.5 MB.
System memory in use after: 65.5 MB.

Unloading 6 unused Assets to reduce memory usage. Loaded Objects now: 1740.
Total: 5.011900 ms (FindLiveObjects: 0.257500 ms CreateObjectMapping: 0.079100 ms MarkObjects: 4.582700 ms  DeleteObjects: 0.090400 ms)

========================================================================
Received Import Request.
  Time since last request: 818.202683 seconds.
  path: Assets/modelos/back.jpg
  artifactKey: Guid(38d23a07df0f86b40b2a030bac654e9e) Importer(815301076,1909f56bfc062723c751e8b465ee728b)
Start importing Assets/modelos/back.jpg using Guid(38d23a07df0f86b40b2a030bac654e9e) Importer(815301076,1909f56bfc062723c751e8b465ee728b)  -> (artifact id: '9d2a1b98b8f9d6b3f0c74044688203b2') in 0.454501 seconds
  Import took 0.459378 seconds .

========================================================================
Received Import Request.
  Time since last request: 0.000354 seconds.
  path: Assets/modelos/frontjpg.jpg
  artifactKey: Guid(37f9960fba9df8047975dcba4541fa67) Importer(815301076,1909f56bfc062723c751e8b465ee728b)
Start importing Assets/modelos/frontjpg.jpg using Guid(37f9960fba9df8047975dcba4541fa67) Importer(815301076,1909f56bfc062723c751e8b465ee728b)  -> (artifact id: 'ab0f2fefdad249c8f48c043acfd80bbb') in 0.017549 seconds
  Import took 0.020871 seconds .

========================================================================
Received Import Request.
  Time since last request: 0.000431 seconds.
  path: Assets/modelos/curacion.blend
  artifactKey: Guid(6c8029243053a714e8591768dfe833d7) Importer(815301076,1909f56bfc062723c751e8b465ee728b)
Start importing Assets/modelos/curacion.blend using Guid(6c8029243053a714e8591768dfe833d7) Importer(815301076,1909f56bfc062723c751e8b465ee728b)  -> (artifact id: '7cbdc70ca3bf32de5eb69c116e0ed915') in 0.289064 seconds
  Import took 0.294245 seconds .

========================================================================
Received Import Request.
  Time since last request: 0.000865 seconds.
  path: Assets/modelos/Linterna.blend
  artifactKey: Guid(36b5ba9ff880b154391c020ed29a5ef1) Importer(815301076,1909f56bfc062723c751e8b465ee728b)
Start importing Assets/modelos/Linterna.blend using Guid(36b5ba9ff880b154391c020ed29a5ef1) Importer(815301076,1909f56bfc062723c751e8b465ee728b)  -> (artifact id: 'cb0cfa4bd50256cfe7a14a597ef8dd60') in 0.043726 seconds
  Import took 0.046954 seconds .

========================================================================
Received Import Request.
  Time since last request: 0.000348 seconds.
  path: Assets/modelos/Seta.blend
  artifactKey: Guid(d292b67435f21694cbb496721961e16c) Importer(815301076,1909f56bfc062723c751e8b465ee728b)
Start importing Assets/modelos/Seta.blend using Guid(d292b67435f21694cbb496721961e16c) Importer(815301076,1909f56bfc062723c751e8b465ee728b)  -> (artifact id: '5ad86e5f5e335f9b434e33bc9ddecdb9') in 0.061357 seconds
  Import took 0.063799 seconds .

========================================================================
Received Import Request.
  Time since last request: 0.000293 seconds.
  path: Assets/modelos/Estalactita.blend
  artifactKey: Guid(ddb620175c52f424a8ee9309f198eeea) Importer(815301076,1909f56bfc062723c751e8b465ee728b)
Start importing Assets/modelos/Estalactita.blend using Guid(ddb620175c52f424a8ee9309f198eeea) Importer(815301076,1909f56bfc062723c751e8b465ee728b)  -> (artifact id: '16f6a5be1a6d5a2779cb72134531d756') in 0.073351 seconds
  Import took 0.093413 seconds .

========================================================================
Received Import Request.
  Time since last request: 0.000373 seconds.
  path: Assets/modelos/profile.jpg
  artifactKey: Guid(b9ec3a5ce0c8df845bace01a05d107af) Importer(815301076,1909f56bfc062723c751e8b465ee728b)
Start importing Assets/modelos/profile.jpg using Guid(b9ec3a5ce0c8df845bace01a05d107af) Importer(815301076,1909f56bfc062723c751e8b465ee728b)  -> (artifact id: 'f3b9a0f7da7984f042f2412b9015ee7d') in 0.024507 seconds
  Import took 0.048350 seconds .

========================================================================
Received Import Request.
  Time since last request: 0.000364 seconds.
  path: Assets/modelos/rata.blend
  artifactKey: Guid(c295ed37f6dd80a48a6ada57b44685b2) Importer(815301076,1909f56bfc062723c751e8b465ee728b)
Start importing Assets/modelos/rata.blend using Guid(c295ed37f6dd80a48a6ada57b44685b2) Importer(815301076,1909f56bfc062723c751e8b465ee728b)  -> (artifact id: '9444421c6c8c40d7818ecdba80c93a36') in 0.051048 seconds
  Import took 0.056606 seconds .

========================================================================
Received Import Request.
  Time since last request: 0.000599 seconds.
  path: Assets/modelos/MC.blend
  artifactKey: Guid(c979215b16c22e84ba3493689c8b0d82) Importer(815301076,1909f56bfc062723c751e8b465ee728b)
Start importing Assets/modelos/MC.blend using Guid(c979215b16c22e84ba3493689c8b0d82) Importer(815301076,1909f56bfc062723c751e8b465ee728b)  -> (artifact id: '9bfea4630a07ea35cf9f478857312f0b') in 0.205810 seconds
  Import took 0.210203 seconds .

========================================================================
Received Import Request.
  Time since last request: 0.000342 seconds.
  path: Assets/modelos/Pilas.blend
  artifactKey: Guid(bbb17a196e96eeb4a948989d674394b1) Importer(815301076,1909f56bfc062723c751e8b465ee728b)
Start importing Assets/modelos/Pilas.blend using Guid(bbb17a196e96eeb4a948989d674394b1) Importer(815301076,1909f56bfc062723c751e8b465ee728b)  -> (artifact id: 'e6e0cd4da16d7b00fbf100fe099dc7d4') in 0.076010 seconds
  Import took 0.082633 seconds .

========================================================================
Received Prepare
Registering precompiled user dll's ...
Registered in 0.000932 seconds.
Begin MonoManager ReloadAssembly
Native extension for WindowsStandalone target not found
Native extension for WebGL target not found
Refreshing native plugins compatible for Editor in 0.68 ms, found 0 plugins.
Preloading 0 native plugins for Editor in 0.00 ms.
Invoked RoslynAnalysisRunner static constructor.
RoslynAnalysisRunner will not be running.
RoslynAnalysisRunner has terminated.
Mono: successfully reloaded assembly
- Completed reload, in  1.642 seconds
Platform modules already initialized, skipping
Refreshing native plugins compatible for Editor in 0.37 ms, found 0 plugins.
Preloading 0 native plugins for Editor in 0.00 ms.
Unloading 1247 Unused Serialized files (Serialized files now loaded: 0)
System memory in use before: 65.8 MB.
System memory in use after: 65.9 MB.

Unloading 7 unused Assets to reduce memory usage. Loaded Objects now: 1749.
Total: 5.236200 ms (FindLiveObjects: 0.827600 ms CreateObjectMapping: 0.355700 ms MarkObjects: 3.958700 ms  DeleteObjects: 0.092500 ms)

========================================================================
Received Prepare
Registering precompiled user dll's ...
Registered in 0.003285 seconds.
Begin MonoManager ReloadAssembly
Native extension for WindowsStandalone target not found
Native extension for WebGL target not found
Refreshing native plugins compatible for Editor in 0.23 ms, found 0 plugins.
Preloading 0 native plugins for Editor in 0.00 ms.
Invoked RoslynAnalysisRunner static constructor.
RoslynAnalysisRunner will not be running.
RoslynAnalysisRunner has terminated.
Mono: successfully reloaded assembly
- Completed reload, in  1.085 seconds
Platform modules already initialized, skipping
Refreshing native plugins compatible for Editor in 0.37 ms, found 0 plugins.
Preloading 0 native plugins for Editor in 0.00 ms.
Unloading 1247 Unused Serialized files (Serialized files now loaded: 0)
System memory in use before: 65.8 MB.
System memory in use after: 65.9 MB.

Unloading 6 unused Assets to reduce memory usage. Loaded Objects now: 1751.
Total: 2.302100 ms (FindLiveObjects: 0.508100 ms CreateObjectMapping: 0.206100 ms MarkObjects: 1.521300 ms  DeleteObjects: 0.065000 ms)

========================================================================
Received Prepare
Registering precompiled user dll's ...
Registered in 0.001605 seconds.
Begin MonoManager ReloadAssembly
Native extension for WindowsStandalone target not found
Native extension for WebGL target not found
Refreshing native plugins compatible for Editor in 0.48 ms, found 0 plugins.
Preloading 0 native plugins for Editor in 0.00 ms.
Invoked RoslynAnalysisRunner static constructor.
RoslynAnalysisRunner will not be running.
RoslynAnalysisRunner has terminated.
Mono: successfully reloaded assembly
- Completed reload, in  2.211 seconds
Platform modules already initialized, skipping
Refreshing native plugins compatible for Editor in 0.55 ms, found 0 plugins.
Preloading 0 native plugins for Editor in 0.00 ms.
Unloading 1247 Unused Serialized files (Serialized files now loaded: 0)
System memory in use before: 65.8 MB.
System memory in use after: 65.9 MB.

Unloading 6 unused Assets to reduce memory usage. Loaded Objects now: 1753.
Total: 3.313500 ms (FindLiveObjects: 0.626400 ms CreateObjectMapping: 0.271400 ms MarkObjects: 2.238700 ms  DeleteObjects: 0.175000 ms)

========================================================================
Received Prepare
Registering precompiled user dll's ...
Registered in 0.002084 seconds.
Begin MonoManager ReloadAssembly
Native extension for WindowsStandalone target not found
Native extension for WebGL target not found
Refreshing native plugins compatible for Editor in 0.31 ms, found 0 plugins.
Preloading 0 native plugins for Editor in 0.00 ms.
Invoked RoslynAnalysisRunner static constructor.
RoslynAnalysisRunner will not be running.
RoslynAnalysisRunner has terminated.
Mono: successfully reloaded assembly
- Completed reload, in  1.284 seconds
Platform modules already initialized, skipping
Refreshing native plugins compatible for Editor in 0.33 ms, found 0 plugins.
Preloading 0 native plugins for Editor in 0.00 ms.
Unloading 1247 Unused Serialized files (Serialized files now loaded: 0)
System memory in use before: 65.8 MB.
System memory in use after: 65.9 MB.

Unloading 6 unused Assets to reduce memory usage. Loaded Objects now: 1755.
Total: 3.063200 ms (FindLiveObjects: 0.288200 ms CreateObjectMapping: 0.077600 ms MarkObjects: 2.509900 ms  DeleteObjects: 0.184400 ms)

========================================================================
Received Prepare
Registering precompiled user dll's ...
Registered in 0.001726 seconds.
Begin MonoManager ReloadAssembly
Native extension for WindowsStandalone target not found
Native extension for WebGL target not found
Refreshing native plugins compatible for Editor in 0.38 ms, found 0 plugins.
Preloading 0 native plugins for Editor in 0.00 ms.
Invoked RoslynAnalysisRunner static constructor.
RoslynAnalysisRunner will not be running.
RoslynAnalysisRunner has terminated.
Mono: successfully reloaded assembly
- Completed reload, in  1.134 seconds
Platform modules already initialized, skipping
Refreshing native plugins compatible for Editor in 0.23 ms, found 0 plugins.
Preloading 0 native plugins for Editor in 0.00 ms.
Unloading 1247 Unused Serialized files (Serialized files now loaded: 0)
System memory in use before: 65.9 MB.
System memory in use after: 65.9 MB.

Unloading 6 unused Assets to reduce memory usage. Loaded Objects now: 1757.
Total: 3.351200 ms (FindLiveObjects: 0.203000 ms CreateObjectMapping: 0.063200 ms MarkObjects: 2.925200 ms  DeleteObjects: 0.153100 ms)

========================================================================
Received Import Request.
  Time since last request: 2815.377460 seconds.
  path: Assets/Prefabs/Linterna.prefab
  artifactKey: Guid(63dc9570b67b5f741b9663b6409bba3d) Importer(815301076,1909f56bfc062723c751e8b465ee728b)
Start importing Assets/Prefabs/Linterna.prefab using Guid(63dc9570b67b5f741b9663b6409bba3d) Importer(815301076,1909f56bfc062723c751e8b465ee728b)  -> (artifact id: 'ac00cfa528585746d9fc1069ba4c4db5') in 0.524500 seconds
  Import took 0.528795 seconds .

========================================================================
Received Import Request.
  Time since last request: 0.085120 seconds.
  path: Assets/modelos/Insecto.blend
  artifactKey: Guid(c86479fbbabe4284c9665bcd117d5f8f) Importer(815301076,1909f56bfc062723c751e8b465ee728b)
Start importing Assets/modelos/Insecto.blend using Guid(c86479fbbabe4284c9665bcd117d5f8f) Importer(815301076,1909f56bfc062723c751e8b465ee728b)  -> (artifact id: '6af7d1c06c34d029757bdb6aaff32db8') in 0.245763 seconds
  Import took 0.250820 seconds .

========================================================================
Received Import Request.
  Time since last request: 0.000415 seconds.
  path: Assets/modelos/texturaCara.png
  artifactKey: Guid(89f87157b49bf8a4ca0b2bcd9055e53c) Importer(815301076,1909f56bfc062723c751e8b465ee728b)
Start importing Assets/modelos/texturaCara.png using Guid(89f87157b49bf8a4ca0b2bcd9055e53c) Importer(815301076,1909f56bfc062723c751e8b465ee728b)  -> (artifact id: '9ffd02f20c401f3472f8df6d1f112b9e') in 0.050647 seconds
  Import took 0.054988 seconds .

========================================================================
Received Import Request.
  Time since last request: 0.000510 seconds.
  path: Assets/modelos/Insecto.blend
  artifactKey: Guid(c86479fbbabe4284c9665bcd117d5f8f) Importer(815301076,1909f56bfc062723c751e8b465ee728b)
Start importing Assets/modelos/Insecto.blend using Guid(c86479fbbabe4284c9665bcd117d5f8f) Importer(815301076,1909f56bfc062723c751e8b465ee728b)  -> (artifact id: '6af7d1c06c34d029757bdb6aaff32db8') in 0.041677 seconds
  Import took 0.048693 seconds .

========================================================================
Received Import Request.
  Time since last request: 0.000410 seconds.
  path: Assets/modelos/MC.blend
  artifactKey: Guid(c979215b16c22e84ba3493689c8b0d82) Importer(815301076,1909f56bfc062723c751e8b465ee728b)
Start importing Assets/modelos/MC.blend using Guid(c979215b16c22e84ba3493689c8b0d82) Importer(815301076,1909f56bfc062723c751e8b465ee728b)  -> (artifact id: '6a418d46415a133176549e76dc916aa5') in 0.247608 seconds
  Import took 0.254542 seconds .

========================================================================
Received Prepare
Registering precompiled user dll's ...
Registered in 0.002482 seconds.
Begin MonoManager ReloadAssembly
Native extension for WindowsStandalone target not found
Native extension for WebGL target not found
Refreshing native plugins compatible for Editor in 0.36 ms, found 0 plugins.
Preloading 0 native plugins for Editor in 0.00 ms.
Invoked RoslynAnalysisRunner static constructor.
RoslynAnalysisRunner will not be running.
RoslynAnalysisRunner has terminated.
Mono: successfully reloaded assembly
- Completed reload, in  1.390 seconds
Platform modules already initialized, skipping
Refreshing native plugins compatible for Editor in 0.22 ms, found 0 plugins.
Preloading 0 native plugins for Editor in 0.00 ms.
Unloading 1247 Unused Serialized files (Serialized files now loaded: 0)
System memory in use before: 65.9 MB.
System memory in use after: 66.0 MB.

Unloading 7 unused Assets to reduce memory usage. Loaded Objects now: 1761.
Total: 5.788000 ms (FindLiveObjects: 0.259800 ms CreateObjectMapping: 0.174400 ms MarkObjects: 5.270300 ms  DeleteObjects: 0.081600 ms)

AssetImportWorkerClient::OnTransportError - code=2 error=End of file
